<?xml version="1.0" encoding="UTF-8"?><testrun name="StringTests" project="Java1-Chapter14" tests="7" started="7" failures="1" errors="0" ignored="0">
  <testsuite name="com.skilldistillery.stringtest.StringTests" time="0.001">
    <testcase name="test_index_of_will_return_the_first_instance_of_a_character_within_a_given_string" classname="com.skilldistillery.stringtest.StringTests" time="0.001"/>
    <testcase name="test_chatAt_throw_index_out_of_bounds_exception_for_negative_or_not_less_than_length_of_String" classname="com.skilldistillery.stringtest.StringTests" time="0.0"/>
    <testcase name="test_ends_with_will_check_if_the_end_of_the_string_matches_the_input" classname="com.skilldistillery.stringtest.StringTests" time="0.0"/>
    <testcase name="test_is_empty_returns_true_if_string_is_empty" classname="com.skilldistillery.stringtest.StringTests" time="0.0"/>
    <testcase name="test_concat_will_concatenate_two_strings" classname="com.skilldistillery.stringtest.StringTests" time="0.0"/>
    <testcase name="test_last_index_of_returns_last_index_of_specified_character_within_a_string" classname="com.skilldistillery.stringtest.StringTests" time="0.0">
      <failure>java.lang.AssertionError: expected:&lt;122&gt; but was:&lt;13&gt;
	at org.junit.Assert.fail(Assert.java:88)
	at org.junit.Assert.failNotEquals(Assert.java:834)
	at org.junit.Assert.assertEquals(Assert.java:645)
	at org.junit.Assert.assertEquals(Assert.java:631)
	at com.skilldistillery.stringtest.StringTests.test_last_index_of_returns_last_index_of_specified_character_within_a_string(StringTests.java:72)
	at sun.reflect.NativeMethodAccessorImpl.invoke0(Native Method)
	at sun.reflect.NativeMethodAccessorImpl.invoke(NativeMethodAccessorImpl.java:62)
	at sun.reflect.DelegatingMethodAccessorImpl.invoke(DelegatingMethodAccessorImpl.java:43)
	at java.lang.reflect.Method.invoke(Method.java:498)
	at org.junit.runners.model.FrameworkMethod$1.runReflectiveCall(FrameworkMethod.java:50)
	at org.junit.internal.runners.model.ReflectiveCallable.run(ReflectiveCallable.java:12)
	at org.junit.runners.model.FrameworkMethod.invokeExplosively(FrameworkMethod.java:47)
	at org.junit.internal.runners.statements.InvokeMethod.evaluate(InvokeMethod.java:17)
	at org.junit.internal.runners.statements.RunBefores.evaluate(RunBefores.java:26)
	at org.junit.internal.runners.statements.RunAfters.evaluate(RunAfters.java:27)
	at org.junit.runners.ParentRunner.runLeaf(ParentRunner.java:325)
	at org.junit.runners.BlockJUnit4ClassRunner.runChild(BlockJUnit4ClassRunner.java:78)
	at org.junit.runners.BlockJUnit4ClassRunner.runChild(BlockJUnit4ClassRunner.java:57)
	at org.junit.runners.ParentRunner$3.run(ParentRunner.java:290)
	at org.junit.runners.ParentRunner$1.schedule(ParentRunner.java:71)
	at org.junit.runners.ParentRunner.runChildren(ParentRunner.java:288)
	at org.junit.runners.ParentRunner.access$000(ParentRunner.java:58)
	at org.junit.runners.ParentRunner$2.evaluate(ParentRunner.java:268)
	at org.junit.runners.ParentRunner.run(ParentRunner.java:363)
	at org.eclipse.jdt.internal.junit4.runner.JUnit4TestReference.run(JUnit4TestReference.java:86)
	at org.eclipse.jdt.internal.junit.runner.TestExecution.run(TestExecution.java:38)
	at org.eclipse.jdt.internal.junit.runner.RemoteTestRunner.runTests(RemoteTestRunner.java:459)
	at org.eclipse.jdt.internal.junit.runner.RemoteTestRunner.runTests(RemoteTestRunner.java:678)
	at org.eclipse.jdt.internal.junit.runner.RemoteTestRunner.run(RemoteTestRunner.java:382)
	at org.eclipse.jdt.internal.junit.runner.RemoteTestRunner.main(RemoteTestRunner.java:192)

</failure>
    </testcase>
    <testcase name="test_chatAt_returns_character_at_index" classname="com.skilldistillery.stringtest.StringTests" time="0.0"/>
  </testsuite>
</testrun>
